
.debug_info

COMPILE_UNIT<header overall offset = 0x00000000>:
< 0><0x0000000b>  DW_TAG_compile_unit
                    DW_AT_producer              "GNU C11 5.4.0 20160609 -mtune=generic -march=x86-64 -g -fstack-protector-strong"
                    DW_AT_language              DW_LANG_C99
                    DW_AT_name                  "test1.c"
                    DW_AT_comp_dir              "/data/source/elf_dwarf"
                    DW_AT_low_pc                0x00400526
                    DW_AT_high_pc               <offset-from-lowpc>85
                    DW_AT_stmt_list             0x00000000

LOCAL_SYMBOLS:
< 1><0x0000002d>    DW_TAG_base_type
                      DW_AT_byte_size             0x00000008
                      DW_AT_encoding              DW_ATE_unsigned
                      DW_AT_name                  "long unsigned int"
< 1><0x00000034>    DW_TAG_base_type
                      DW_AT_byte_size             0x00000001
                      DW_AT_encoding              DW_ATE_unsigned_char
                      DW_AT_name                  "unsigned char"
< 1><0x0000003b>    DW_TAG_base_type
                      DW_AT_byte_size             0x00000002
                      DW_AT_encoding              DW_ATE_unsigned
                      DW_AT_name                  "short unsigned int"
< 1><0x00000042>    DW_TAG_base_type
                      DW_AT_byte_size             0x00000004
                      DW_AT_encoding              DW_ATE_unsigned
                      DW_AT_name                  "unsigned int"
< 1><0x00000049>    DW_TAG_base_type
                      DW_AT_byte_size             0x00000001
                      DW_AT_encoding              DW_ATE_signed_char
                      DW_AT_name                  "signed char"
< 1><0x00000050>    DW_TAG_base_type
                      DW_AT_byte_size             0x00000002
                      DW_AT_encoding              DW_ATE_signed
                      DW_AT_name                  "short int"
< 1><0x00000057>    DW_TAG_base_type
                      DW_AT_byte_size             0x00000004
                      DW_AT_encoding              DW_ATE_signed
                      DW_AT_name                  "int"
< 1><0x0000005e>    DW_TAG_base_type
                      DW_AT_byte_size             0x00000008
                      DW_AT_encoding              DW_ATE_signed
                      DW_AT_name                  "long int"
< 1><0x00000065>    DW_TAG_base_type
                      DW_AT_byte_size             0x00000008
                      DW_AT_encoding              DW_ATE_unsigned
                      DW_AT_name                  "sizetype"
< 1><0x0000006c>    DW_TAG_base_type
                      DW_AT_byte_size             0x00000001
                      DW_AT_encoding              DW_ATE_signed_char
                      DW_AT_name                  "char"
< 1><0x00000073>    DW_TAG_subprogram
                      DW_AT_external              yes(1)
                      DW_AT_name                  "do_stuff"
                      DW_AT_decl_file             0x00000001 /data/source/elf_dwarf/test1.c
                      DW_AT_decl_line             0x00000004
                      DW_AT_prototyped            yes(1)
                      DW_AT_low_pc                0x00400526
                      DW_AT_high_pc               <offset-from-lowpc>64
                      DW_AT_frame_base            len 0x0001: 9c: DW_OP_call_frame_cfa
                      DW_AT_GNU_all_tail_call_sitesyes(1)
                      DW_AT_sibling               <0x000000b9>
< 2><0x00000090>      DW_TAG_formal_parameter
                        DW_AT_name                  "my_arg"
                        DW_AT_decl_file             0x00000001 /data/source/elf_dwarf/test1.c
                        DW_AT_decl_line             0x00000004
                        DW_AT_type                  <0x00000057>
                        DW_AT_location              len 0x0002: 915c: DW_OP_fbreg -36
< 2><0x0000009e>      DW_TAG_variable
                        DW_AT_name                  "my_local"
                        DW_AT_decl_file             0x00000001 /data/source/elf_dwarf/test1.c
                        DW_AT_decl_line             0x00000006
                        DW_AT_type                  <0x00000057>
                        DW_AT_location              len 0x0002: 916c: DW_OP_fbreg -20
< 2><0x000000ac>      DW_TAG_variable
                        DW_AT_name                  "i"
                        DW_AT_decl_file             0x00000001 /data/source/elf_dwarf/test1.c
                        DW_AT_decl_line             0x00000007
                        DW_AT_type                  <0x00000057>
                        DW_AT_location              len 0x0002: 9168: DW_OP_fbreg -24
< 1><0x000000b9>    DW_TAG_subprogram
                      DW_AT_external              yes(1)
                      DW_AT_name                  "main"
                      DW_AT_decl_file             0x00000001 /data/source/elf_dwarf/test1.c
                      DW_AT_decl_line             0x0000000e
                      DW_AT_type                  <0x00000057>
                      DW_AT_low_pc                0x00400566
                      DW_AT_high_pc               <offset-from-lowpc>21
                      DW_AT_frame_base            len 0x0001: 9c: DW_OP_call_frame_cfa
                      DW_AT_GNU_all_tail_call_sitesyes(1)

.debug_line: line number info for a single cu
Source lines (from CU-DIE at .debug_info offset 0x0000000b):

<pc>        [row,col] NS BB ET PE EB IS= DI= uri: "filepath"
NS new statement, BB new basic block, ET end of text sequence
PE prologue end, EB epilogue begin
IA=val ISA number, DI=val discriminator value
0x00400526  [   5, 0] NS uri: "/data/source/elf_dwarf/test1.c"
0x00400531  [   6, 0] NS
0x0040053a  [   9, 0] NS
0x00400543  [  10, 0] NS DI=0x3
0x00400557  [   9, 0] NS DI=0x3
0x0040055b  [   9, 0] DI=0x1
0x00400563  [  11, 0] NS
0x00400566  [  15, 0] NS
0x0040056a  [  16, 0] NS
0x00400574  [  17, 0] NS
0x00400579  [  18, 0] NS
0x0040057b  [  18, 0] NS ET

.debug_pubnames

.debug_macinfo

.debug_string
name at offset 0x00000000, length    8 is 'my_local'
name at offset 0x00000009, length    7 is 'test1.c'
name at offset 0x00000011, length   17 is 'long unsigned int'
name at offset 0x00000023, length   22 is '/data/source/elf_dwarf'
name at offset 0x0000003a, length    8 is 'do_stuff'
name at offset 0x00000043, length   13 is 'unsigned char'
name at offset 0x00000051, length    4 is 'main'
name at offset 0x00000056, length    8 is 'long int'
name at offset 0x0000005f, length    6 is 'my_arg'
name at offset 0x00000066, length   18 is 'short unsigned int'
name at offset 0x00000079, length    9 is 'short int'
name at offset 0x00000083, length   79 is 'GNU C11 5.4.0 20160609 -mtune=generic -march=x86-64 -g -fstack-protector-strong'
name at offset 0x000000d3, length    8 is 'sizetype'

.debug_aranges

COMPILE_UNIT<header overall offset = 0x00000000>:
< 0><0x0000000b>  DW_TAG_compile_unit
                    DW_AT_producer              "GNU C11 5.4.0 20160609 -mtune=generic -march=x86-64 -g -fstack-protector-strong"
                    DW_AT_language              DW_LANG_C99
                    DW_AT_name                  "test1.c"
                    DW_AT_comp_dir              "/data/source/elf_dwarf"
                    DW_AT_low_pc                0x00400526
                    DW_AT_high_pc               <offset-from-lowpc>85
                    DW_AT_stmt_list             0x00000000


arange starts at 0x00400526, length of 0x00000055, cu_die_offset = 0x0000000b
arange end
.debug_frame

.debug_static_func

.debug_static_vars

.debug_weaknames

